<?xml version="1.0" encoding="UTF-8"?>
<!-- Generated by org.testng.reporters.JUnitXMLReporter -->
<testsuite ignored="0" hostname="Jagan" failures="1" tests="3" name="Login Page Test" time="21.898" errors="0" timestamp="2025-08-03T16:57:43 IST">
  <testcase classname="com.qa.tests.LoginPageTest" name="loginPageNavigationTest" time="0.625"/>
  <testcase classname="com.qa.tests.LoginPageTest" name="forgotPwdLinkExistTest" time="0.042">
    <failure type="java.lang.AssertionError" message="expected [false] but found [true]">
      <![CDATA[java.lang.AssertionError: expected [false] but found [true]
at com.qa.tests.LoginPageTest.forgotPwdLinkExistTest(LoginPageTest.java:21)
at java.base/java.util.ArrayList.forEach(ArrayList.java:1596)
at java.base/java.util.concurrent.FutureTask.run(FutureTask.java:317)
at java.base/java.util.concurrent.ThreadPoolExecutor.runWorker(ThreadPoolExecutor.java:1144)
at java.base/java.util.concurrent.ThreadPoolExecutor$Worker.run(ThreadPoolExecutor.java:642)
at java.base/java.lang.Thread.run(Thread.java:1583)
... Removed 19 stack frames]]>
    </failure>
  </testcase> <!-- forgotPwdLinkExistTest -->
  <testcase classname="com.qa.tests.LoginPageTest" name="appLoginTest" time="1.724"/>
</testsuite> <!-- Login Page Test -->
